<?xml version="1.0" encoding="UTF-8"?>
<testsuite xmlns:xsi="http://www.w3.org/2001/XMLSchema-instance" xsi:noNamespaceSchemaLocation="https://maven.apache.org/surefire/maven-surefire-plugin/xsd/surefire-test-report.xsd" name="g54892.humbug.model.BumbelbeeTest" time="0.011" tests="4" errors="0" skipped="0" failures="0">
  <properties>
[...]
</properties>
  <testcase name="testMove" classname="g54892.humbug.model.BumbelbeeTest" time="0.001"/>
  <testcase name="testMove_next_onstar" classname="g54892.humbug.model.BumbelbeeTest" time="0.001"/>
  <testcase name="testMove_next_notinside" classname="g54892.humbug.model.BumbelbeeTest" time="0.001"/>
  <testcase name="testMove_next_notfree" classname="g54892.humbug.model.BumbelbeeTest" time="0"/>
</testsuite>